Build started 05/05/2017 19:11:26.
     1>Project "C:\Users\HODJ1_14\Downloads\14008120_COMP3304_FinalMilestone\14010713_COMP3304_FinalMilestone\ImageManipulator\ImageManipulator\ImageManipulator.vcxproj" on node 2 (Build target(s)).
     1>ClCompile:
         C:\Program Files (x86)\Microsoft Visual Studio 14.0\VC\bin\CL.exe /c /IC:\Users\HODJ1_14\Downloads\14008120_COMP3304_FinalMilestone\14010713_COMP3304_FinalMilestone\ImageManipulator\ImageManipulator\Include /ZI /nologo /W3 /WX- /sdl /Od /Oy- /D WIN32 /D _DEBUG /D _CONSOLE /D _UNICODE /D UNICODE /Gm /EHsc /RTC1 /MDd /GS /fp:precise /Zc:wchar_t /Zc:forScope /Zc:inline /Yc"stdafx.h" /Fp"Debug\ImageManipulator.pch" /Fo"Debug\\" /Fd"Debug\vc140.pdb" /Gd /TP /analyze- /errorReport:prompt stdafx.cpp
         stdafx.cpp
         C:\Program Files (x86)\Microsoft Visual Studio 14.0\VC\bin\CL.exe /c /IC:\Users\HODJ1_14\Downloads\14008120_COMP3304_FinalMilestone\14010713_COMP3304_FinalMilestone\ImageManipulator\ImageManipulator\Include /ZI /nologo /W3 /WX- /sdl /Od /Oy- /D WIN32 /D _DEBUG /D _CONSOLE /D _UNICODE /D UNICODE /Gm /EHsc /RTC1 /MDd /GS /fp:precise /Zc:wchar_t /Zc:forScope /Zc:inline /Yu"stdafx.h" /Fp"Debug\ImageManipulator.pch" /Fo"Debug\\" /Fd"Debug\vc140.pdb" /Gd /TP /analyze- /errorReport:prompt ImageManipulator.cpp Controller.cpp EventArgs.cpp Model.cpp View.cpp
         View.cpp
     1>c:\users\hodj1_14\downloads\14008120_comp3304_finalmilestone\14010713_comp3304_finalmilestone\imagemanipulator\imagemanipulator\view.cpp(292): warning C4018: '>': signed/unsigned mismatch
     1>c:\users\hodj1_14\downloads\14008120_comp3304_finalmilestone\14010713_comp3304_finalmilestone\imagemanipulator\imagemanipulator\view.cpp(303): warning C4018: '>': signed/unsigned mismatch
     1>c:\users\hodj1_14\downloads\14008120_comp3304_finalmilestone\14010713_comp3304_finalmilestone\imagemanipulator\imagemanipulator\view.cpp(373): warning C4244: 'argument': conversion from 'double' to 'int', possible loss of data
     1>c:\users\hodj1_14\downloads\14008120_comp3304_finalmilestone\14010713_comp3304_finalmilestone\imagemanipulator\imagemanipulator\view.cpp(378): warning C4244: 'argument': conversion from 'double' to 'int', possible loss of data
     1>c:\users\hodj1_14\downloads\14008120_comp3304_finalmilestone\14010713_comp3304_finalmilestone\imagemanipulator\imagemanipulator\view.cpp(386): warning C4244: 'argument': conversion from 'double' to 'int', possible loss of data
         Model.cpp
     1>c:\users\hodj1_14\downloads\14008120_comp3304_finalmilestone\14010713_comp3304_finalmilestone\imagemanipulator\imagemanipulator\model.cpp(67): warning C4018: '>=': signed/unsigned mismatch
         EventArgs.cpp
         Controller.cpp
         ImageManipulator.cpp
         Generating Code...
       Link:
         C:\Program Files (x86)\Microsoft Visual Studio 14.0\VC\bin\link.exe /ERRORREPORT:PROMPT /OUT:"C:\Users\HODJ1_14\Downloads\14008120_COMP3304_FinalMilestone\14010713_COMP3304_FinalMilestone\ImageManipulator\Debug\ImageManipulator.exe" /INCREMENTAL /NOLOGO kernel32.lib user32.lib gdi32.lib winspool.lib comdlg32.lib advapi32.lib shell32.lib ole32.lib oleaut32.lib uuid.lib odbc32.lib odbccp32.lib /MANIFEST /MANIFESTUAC:"level='asInvoker' uiAccess='false'" /manifest:embed /Debug /PDB:"C:\Users\HODJ1_14\Downloads\14008120_COMP3304_FinalMilestone\14010713_COMP3304_FinalMilestone\ImageManipulator\Debug\ImageManipulator.pdb" /SUBSYSTEM:CONSOLE /TLBID:1 /DYNAMICBASE /NXCOMPAT /IMPLIB:"C:\Users\HODJ1_14\Downloads\14008120_COMP3304_FinalMilestone\14010713_COMP3304_FinalMilestone\ImageManipulator\Debug\ImageManipulator.lib" /MACHINE:X86 Debug\ImageManipulator.obj
         Debug\Controller.obj
         Debug\EventArgs.obj
         Debug\Model.obj
         Debug\stdafx.obj
         Debug\View.obj
         C:\Users\HODJ1_14\Downloads\14008120_COMP3304_FinalMilestone\14010713_COMP3304_FinalMilestone\ImageManipulator\Debug\Images.lib
     1>fltkd.lib(case.obj) : warning LNK4099: PDB 'fltk.pdb' was not found with 'fltkd.lib(case.obj)' or at 'C:\Users\HODJ1_14\Downloads\14008120_COMP3304_FinalMilestone\14010713_COMP3304_FinalMilestone\ImageManipulator\Debug\fltk.pdb'; linking object as if no debug info
     1>fltkd.lib(filename_absolute.obj) : warning LNK4099: PDB 'fltk.pdb' was not found with 'fltkd.lib(filename_absolute.obj)' or at 'C:\Users\HODJ1_14\Downloads\14008120_COMP3304_FinalMilestone\14010713_COMP3304_FinalMilestone\ImageManipulator\Debug\fltk.pdb'; linking object as if no debug info
     1>fltkd.lib(filename_expand.obj) : warning LNK4099: PDB 'fltk.pdb' was not found with 'fltkd.lib(filename_expand.obj)' or at 'C:\Users\HODJ1_14\Downloads\14008120_COMP3304_FinalMilestone\14010713_COMP3304_FinalMilestone\ImageManipulator\Debug\fltk.pdb'; linking object as if no debug info
     1>fltkd.lib(filename_isdir.obj) : warning LNK4099: PDB 'fltk.pdb' was not found with 'fltkd.lib(filename_isdir.obj)' or at 'C:\Users\HODJ1_14\Downloads\14008120_COMP3304_FinalMilestone\14010713_COMP3304_FinalMilestone\ImageManipulator\Debug\fltk.pdb'; linking object as if no debug info
     1>fltkd.lib(filename_list.obj) : warning LNK4099: PDB 'fltk.pdb' was not found with 'fltkd.lib(filename_list.obj)' or at 'C:\Users\HODJ1_14\Downloads\14008120_COMP3304_FinalMilestone\14010713_COMP3304_FinalMilestone\ImageManipulator\Debug\fltk.pdb'; linking object as if no debug info
     1>fltkd.lib(filename_match.obj) : warning LNK4099: PDB 'fltk.pdb' was not found with 'fltkd.lib(filename_match.obj)' or at 'C:\Users\HODJ1_14\Downloads\14008120_COMP3304_FinalMilestone\14010713_COMP3304_FinalMilestone\ImageManipulator\Debug\fltk.pdb'; linking object as if no debug info
     1>fltkd.lib(Fl.obj) : warning LNK4099: PDB 'fltk.pdb' was not found with 'fltkd.lib(Fl.obj)' or at 'C:\Users\HODJ1_14\Downloads\14008120_COMP3304_FinalMilestone\14010713_COMP3304_FinalMilestone\ImageManipulator\Debug\fltk.pdb'; linking object as if no debug info
     1>fltkd.lib(Fl_abort.obj) : warning LNK4099: PDB 'fltk.pdb' was not found with 'fltkd.lib(Fl_abort.obj)' or at 'C:\Users\HODJ1_14\Downloads\14008120_COMP3304_FinalMilestone\14010713_COMP3304_FinalMilestone\ImageManipulator\Debug\fltk.pdb'; linking object as if no debug info
     1>fltkd.lib(fl_arc.obj) : warning LNK4099: PDB 'fltk.pdb' was not found with 'fltkd.lib(fl_arc.obj)' or at 'C:\Users\HODJ1_14\Downloads\14008120_COMP3304_FinalMilestone\14010713_COMP3304_FinalMilestone\ImageManipulator\Debug\fltk.pdb'; linking object as if no debug info
     1>fltkd.lib(fl_arci.obj) : warning LNK4099: PDB 'fltk.pdb' was not found with 'fltkd.lib(fl_arci.obj)' or at 'C:\Users\HODJ1_14\Downloads\14008120_COMP3304_FinalMilestone\14010713_COMP3304_FinalMilestone\ImageManipulator\Debug\fltk.pdb'; linking object as if no debug info
     1>fltkd.lib(fl_ask.obj) : warning LNK4099: PDB 'fltk.pdb' was not found with 'fltkd.lib(fl_ask.obj)' or at 'C:\Users\HODJ1_14\Downloads\14008120_COMP3304_FinalMilestone\14010713_COMP3304_FinalMilestone\ImageManipulator\Debug\fltk.pdb'; linking object as if no debug info
     1>fltkd.lib(Fl_Bitmap.obj) : warning LNK4099: PDB 'fltk.pdb' was not found with 'fltkd.lib(Fl_Bitmap.obj)' or at 'C:\Users\HODJ1_14\Downloads\14008120_COMP3304_FinalMilestone\14010713_COMP3304_FinalMilestone\ImageManipulator\Debug\fltk.pdb'; linking object as if no debug info
     1>fltkd.lib(Fl_Box.obj) : warning LNK4099: PDB 'fltk.pdb' was not found with 'fltkd.lib(Fl_Box.obj)' or at 'C:\Users\HODJ1_14\Downloads\14008120_COMP3304_FinalMilestone\14010713_COMP3304_FinalMilestone\ImageManipulator\Debug\fltk.pdb'; linking object as if no debug info
     1>fltkd.lib(fl_boxtype.obj) : warning LNK4099: PDB 'fltk.pdb' was not found with 'fltkd.lib(fl_boxtype.obj)' or at 'C:\Users\HODJ1_14\Downloads\14008120_COMP3304_FinalMilestone\14010713_COMP3304_FinalMilestone\ImageManipulator\Debug\fltk.pdb'; linking object as if no debug info
     1>fltkd.lib(Fl_Browser.obj) : warning LNK4099: PDB 'fltk.pdb' was not found with 'fltkd.lib(Fl_Browser.obj)' or at 'C:\Users\HODJ1_14\Downloads\14008120_COMP3304_FinalMilestone\14010713_COMP3304_FinalMilestone\ImageManipulator\Debug\fltk.pdb'; linking object as if no debug info
     1>fltkd.lib(Fl_Browser_.obj) : warning LNK4099: PDB 'fltk.pdb' was not found with 'fltkd.lib(Fl_Browser_.obj)' or at 'C:\Users\HODJ1_14\Downloads\14008120_COMP3304_FinalMilestone\14010713_COMP3304_FinalMilestone\ImageManipulator\Debug\fltk.pdb'; linking object as if no debug info
     1>fltkd.lib(Fl_Button.obj) : warning LNK4099: PDB 'fltk.pdb' was not found with 'fltkd.lib(Fl_Button.obj)' or at 'C:\Users\HODJ1_14\Downloads\14008120_COMP3304_FinalMilestone\14010713_COMP3304_FinalMilestone\ImageManipulator\Debug\fltk.pdb'; linking object as if no debug info
     1>fltkd.lib(Fl_Check_Button.obj) : warning LNK4099: PDB 'fltk.pdb' was not found with 'fltkd.lib(Fl_Check_Button.obj)' or at 'C:\Users\HODJ1_14\Downloads\14008120_COMP3304_FinalMilestone\14010713_COMP3304_FinalMilestone\ImageManipulator\Debug\fltk.pdb'; linking object as if no debug info
     1>fltkd.lib(Fl_Choice.obj) : warning LNK4099: PDB 'fltk.pdb' was not found with 'fltkd.lib(Fl_Choice.obj)' or at 'C:\Users\HODJ1_14\Downloads\14008120_COMP3304_FinalMilestone\14010713_COMP3304_FinalMilestone\ImageManipulator\Debug\fltk.pdb'; linking object as if no debug info
     1>fltkd.lib(fl_color.obj) : warning LNK4099: PDB 'fltk.pdb' was not found with 'fltkd.lib(fl_color.obj)' or at 'C:\Users\HODJ1_14\Downloads\14008120_COMP3304_FinalMilestone\14010713_COMP3304_FinalMilestone\ImageManipulator\Debug\fltk.pdb'; linking object as if no debug info
     1>fltkd.lib(Fl_compose.obj) : warning LNK4099: PDB 'fltk.pdb' was not found with 'fltkd.lib(Fl_compose.obj)' or at 'C:\Users\HODJ1_14\Downloads\14008120_COMP3304_FinalMilestone\14010713_COMP3304_FinalMilestone\ImageManipulator\Debug\fltk.pdb'; linking object as if no debug info
     1>fltkd.lib(fl_cursor.obj) : warning LNK4099: PDB 'fltk.pdb' was not found with 'fltkd.lib(fl_cursor.obj)' or at 'C:\Users\HODJ1_14\Downloads\14008120_COMP3304_FinalMilestone\14010713_COMP3304_FinalMilestone\ImageManipulator\Debug\fltk.pdb'; linking object as if no debug info
     1>fltkd.lib(fl_curve.obj) : warning LNK4099: PDB 'fltk.pdb' was not found with 'fltkd.lib(fl_curve.obj)' or at 'C:\Users\HODJ1_14\Downloads\14008120_COMP3304_FinalMilestone\14010713_COMP3304_FinalMilestone\ImageManipulator\Debug\fltk.pdb'; linking object as if no debug info
     1>fltkd.lib(Fl_Device.obj) : warning LNK4099: PDB 'fltk.pdb' was not found with 'fltkd.lib(Fl_Device.obj)' or at 'C:\Users\HODJ1_14\Downloads\14008120_COMP3304_FinalMilestone\14010713_COMP3304_FinalMilestone\ImageManipulator\Debug\fltk.pdb'; linking object as if no debug info
     1>fltkd.lib(fl_dnd.obj) : warning LNK4099: PDB 'fltk.pdb' was not found with 'fltkd.lib(fl_dnd.obj)' or at 'C:\Users\HODJ1_14\Downloads\14008120_COMP3304_FinalMilestone\14010713_COMP3304_FinalMilestone\ImageManipulator\Debug\fltk.pdb'; linking object as if no debug info
     1>fltkd.lib(Fl_Double_Window.obj) : warning LNK4099: PDB 'fltk.pdb' was not found with 'fltkd.lib(Fl_Double_Window.obj)' or at 'C:\Users\HODJ1_14\Downloads\14008120_COMP3304_FinalMilestone\14010713_COMP3304_FinalMilestone\ImageManipulator\Debug\fltk.pdb'; linking object as if no debug info
     1>fltkd.lib(fl_draw.obj) : warning LNK4099: PDB 'fltk.pdb' was not found with 'fltkd.lib(fl_draw.obj)' or at 'C:\Users\HODJ1_14\Downloads\14008120_COMP3304_FinalMilestone\14010713_COMP3304_FinalMilestone\ImageManipulator\Debug\fltk.pdb'; linking object as if no debug info
     1>fltkd.lib(fl_draw_image.obj) : warning LNK4099: PDB 'fltk.pdb' was not found with 'fltkd.lib(fl_draw_image.obj)' or at 'C:\Users\HODJ1_14\Downloads\14008120_COMP3304_FinalMilestone\14010713_COMP3304_FinalMilestone\ImageManipulator\Debug\fltk.pdb'; linking object as if no debug info
     1>fltkd.lib(fl_draw_pixmap.obj) : warning LNK4099: PDB 'fltk.pdb' was not found with 'fltkd.lib(fl_draw_pixmap.obj)' or at 'C:\Users\HODJ1_14\Downloads\14008120_COMP3304_FinalMilestone\14010713_COMP3304_FinalMilestone\ImageManipulator\Debug\fltk.pdb'; linking object as if no debug info
     1>fltkd.lib(Fl_File_Browser.obj) : warning LNK4099: PDB 'fltk.pdb' was not found with 'fltkd.lib(Fl_File_Browser.obj)' or at 'C:\Users\HODJ1_14\Downloads\14008120_COMP3304_FinalMilestone\14010713_COMP3304_FinalMilestone\ImageManipulator\Debug\fltk.pdb'; linking object as if no debug info
     1>fltkd.lib(Fl_File_Chooser.obj) : warning LNK4099: PDB 'fltk.pdb' was not found with 'fltkd.lib(Fl_File_Chooser.obj)' or at 'C:\Users\HODJ1_14\Downloads\14008120_COMP3304_FinalMilestone\14010713_COMP3304_FinalMilestone\ImageManipulator\Debug\fltk.pdb'; linking object as if no debug info
     1>fltkd.lib(Fl_File_Chooser2.obj) : warning LNK4099: PDB 'fltk.pdb' was not found with 'fltkd.lib(Fl_File_Chooser2.obj)' or at 'C:\Users\HODJ1_14\Downloads\14008120_COMP3304_FinalMilestone\14010713_COMP3304_FinalMilestone\ImageManipulator\Debug\fltk.pdb'; linking object as if no debug info
     1>fltkd.lib(Fl_File_Icon.obj) : warning LNK4099: PDB 'fltk.pdb' was not found with 'fltkd.lib(Fl_File_Icon.obj)' or at 'C:\Users\HODJ1_14\Downloads\14008120_COMP3304_FinalMilestone\14010713_COMP3304_FinalMilestone\ImageManipulator\Debug\fltk.pdb'; linking object as if no debug info
     1>fltkd.lib(Fl_File_Input.obj) : warning LNK4099: PDB 'fltk.pdb' was not found with 'fltkd.lib(Fl_File_Input.obj)' or at 'C:\Users\HODJ1_14\Downloads\14008120_COMP3304_FinalMilestone\14010713_COMP3304_FinalMilestone\ImageManipulator\Debug\fltk.pdb'; linking object as if no debug info
     1>fltkd.lib(fl_font.obj) : warning LNK4099: PDB 'fltk.pdb' was not found with 'fltkd.lib(fl_font.obj)' or at 'C:\Users\HODJ1_14\Downloads\14008120_COMP3304_FinalMilestone\14010713_COMP3304_FinalMilestone\ImageManipulator\Debug\fltk.pdb'; linking object as if no debug info
     1>fltkd.lib(Fl_get_system_colors.obj) : warning LNK4099: PDB 'fltk.pdb' was not found with 'fltkd.lib(Fl_get_system_colors.obj)' or at 'C:\Users\HODJ1_14\Downloads\14008120_COMP3304_FinalMilestone\14010713_COMP3304_FinalMilestone\ImageManipulator\Debug\fltk.pdb'; linking object as if no debug info
     1>fltkd.lib(Fl_grab.obj) : warning LNK4099: PDB 'fltk.pdb' was not found with 'fltkd.lib(Fl_grab.obj)' or at 'C:\Users\HODJ1_14\Downloads\14008120_COMP3304_FinalMilestone\14010713_COMP3304_FinalMilestone\ImageManipulator\Debug\fltk.pdb'; linking object as if no debug info
     1>fltkd.lib(Fl_Group.obj) : warning LNK4099: PDB 'fltk.pdb' was not found with 'fltkd.lib(Fl_Group.obj)' or at 'C:\Users\HODJ1_14\Downloads\14008120_COMP3304_FinalMilestone\14010713_COMP3304_FinalMilestone\ImageManipulator\Debug\fltk.pdb'; linking object as if no debug info
     1>fltkd.lib(fl_gtk.obj) : warning LNK4099: PDB 'fltk.pdb' was not found with 'fltkd.lib(fl_gtk.obj)' or at 'C:\Users\HODJ1_14\Downloads\14008120_COMP3304_FinalMilestone\14010713_COMP3304_FinalMilestone\ImageManipulator\Debug\fltk.pdb'; linking object as if no debug info
     1>fltkd.lib(fl_gleam.obj) : warning LNK4099: PDB 'fltk.pdb' was not found with 'fltkd.lib(fl_gleam.obj)' or at 'C:\Users\HODJ1_14\Downloads\14008120_COMP3304_FinalMilestone\14010713_COMP3304_FinalMilestone\ImageManipulator\Debug\fltk.pdb'; linking object as if no debug info
     1>fltkd.lib(Fl_Image.obj) : warning LNK4099: PDB 'fltk.pdb' was not found with 'fltkd.lib(Fl_Image.obj)' or at 'C:\Users\HODJ1_14\Downloads\14008120_COMP3304_FinalMilestone\14010713_COMP3304_FinalMilestone\ImageManipulator\Debug\fltk.pdb'; linking object as if no debug info
     1>fltkd.lib(Fl_Input.obj) : warning LNK4099: PDB 'fltk.pdb' was not found with 'fltkd.lib(Fl_Input.obj)' or at 'C:\Users\HODJ1_14\Downloads\14008120_COMP3304_FinalMilestone\14010713_COMP3304_FinalMilestone\ImageManipulator\Debug\fltk.pdb'; linking object as if no debug info
     1>fltkd.lib(Fl_Input_.obj) : warning LNK4099: PDB 'fltk.pdb' was not found with 'fltkd.lib(Fl_Input_.obj)' or at 'C:\Users\HODJ1_14\Downloads\14008120_COMP3304_FinalMilestone\14010713_COMP3304_FinalMilestone\ImageManipulator\Debug\fltk.pdb'; linking object as if no debug info
     1>fltkd.lib(fl_labeltype.obj) : warning LNK4099: PDB 'fltk.pdb' was not found with 'fltkd.lib(fl_labeltype.obj)' or at 'C:\Users\HODJ1_14\Downloads\14008120_COMP3304_FinalMilestone\14010713_COMP3304_FinalMilestone\ImageManipulator\Debug\fltk.pdb'; linking object as if no debug info
     1>fltkd.lib(Fl_Light_Button.obj) : warning LNK4099: PDB 'fltk.pdb' was not found with 'fltkd.lib(Fl_Light_Button.obj)' or at 'C:\Users\HODJ1_14\Downloads\14008120_COMP3304_FinalMilestone\14010713_COMP3304_FinalMilestone\ImageManipulator\Debug\fltk.pdb'; linking object as if no debug info
     1>fltkd.lib(fl_line_style.obj) : warning LNK4099: PDB 'fltk.pdb' was not found with 'fltkd.lib(fl_line_style.obj)' or at 'C:\Users\HODJ1_14\Downloads\14008120_COMP3304_FinalMilestone\14010713_COMP3304_FinalMilestone\ImageManipulator\Debug\fltk.pdb'; linking object as if no debug info
     1>fltkd.lib(Fl_lock.obj) : warning LNK4099: PDB 'fltk.pdb' was not found with 'fltkd.lib(Fl_lock.obj)' or at 'C:\Users\HODJ1_14\Downloads\14008120_COMP3304_FinalMilestone\14010713_COMP3304_FinalMilestone\ImageManipulator\Debug\fltk.pdb'; linking object as if no debug info
     1>fltkd.lib(Fl_Menu.obj) : warning LNK4099: PDB 'fltk.pdb' was not found with 'fltkd.lib(Fl_Menu.obj)' or at 'C:\Users\HODJ1_14\Downloads\14008120_COMP3304_FinalMilestone\14010713_COMP3304_FinalMilestone\ImageManipulator\Debug\fltk.pdb'; linking object as if no debug info
     1>fltkd.lib(Fl_Menu_.obj) : warning LNK4099: PDB 'fltk.pdb' was not found with 'fltkd.lib(Fl_Menu_.obj)' or at 'C:\Users\HODJ1_14\Downloads\14008120_COMP3304_FinalMilestone\14010713_COMP3304_FinalMilestone\ImageManipulator\Debug\fltk.pdb'; linking object as if no debug info
     1>fltkd.lib(Fl_Menu_add.obj) : warning LNK4099: PDB 'fltk.pdb' was not found with 'fltkd.lib(Fl_Menu_add.obj)' or at 'C:\Users\HODJ1_14\Downloads\14008120_COMP3304_FinalMilestone\14010713_COMP3304_FinalMilestone\ImageManipulator\Debug\fltk.pdb'; linking object as if no debug info
     1>fltkd.lib(Fl_Menu_Button.obj) : warning LNK4099: PDB 'fltk.pdb' was not found with 'fltkd.lib(Fl_Menu_Button.obj)' or at 'C:\Users\HODJ1_14\Downloads\14008120_COMP3304_FinalMilestone\14010713_COMP3304_FinalMilestone\ImageManipulator\Debug\fltk.pdb'; linking object as if no debug info
     1>fltkd.lib(Fl_Menu_Window.obj) : warning LNK4099: PDB 'fltk.pdb' was not found with 'fltkd.lib(Fl_Menu_Window.obj)' or at 'C:\Users\HODJ1_14\Downloads\14008120_COMP3304_FinalMilestone\14010713_COMP3304_FinalMilestone\ImageManipulator\Debug\fltk.pdb'; linking object as if no debug info
     1>fltkd.lib(Fl_Native_File_Chooser.obj) : warning LNK4099: PDB 'fltk.pdb' was not found with 'fltkd.lib(Fl_Native_File_Chooser.obj)' or at 'C:\Users\HODJ1_14\Downloads\14008120_COMP3304_FinalMilestone\14010713_COMP3304_FinalMilestone\ImageManipulator\Debug\fltk.pdb'; linking object as if no debug info
     1>fltkd.lib(Fl_Overlay_Window.obj) : warning LNK4099: PDB 'fltk.pdb' was not found with 'fltkd.lib(Fl_Overlay_Window.obj)' or at 'C:\Users\HODJ1_14\Downloads\14008120_COMP3304_FinalMilestone\14010713_COMP3304_FinalMilestone\ImageManipulator\Debug\fltk.pdb'; linking object as if no debug info
     1>fltkd.lib(Fl_Pixmap.obj) : warning LNK4099: PDB 'fltk.pdb' was not found with 'fltkd.lib(Fl_Pixmap.obj)' or at 'C:\Users\HODJ1_14\Downloads\14008120_COMP3304_FinalMilestone\14010713_COMP3304_FinalMilestone\ImageManipulator\Debug\fltk.pdb'; linking object as if no debug info
     1>fltkd.lib(fl_plastic.obj) : warning LNK4099: PDB 'fltk.pdb' was not found with 'fltkd.lib(fl_plastic.obj)' or at 'C:\Users\HODJ1_14\Downloads\14008120_COMP3304_FinalMilestone\14010713_COMP3304_FinalMilestone\ImageManipulator\Debug\fltk.pdb'; linking object as if no debug info
     1>fltkd.lib(Fl_Preferences.obj) : warning LNK4099: PDB 'fltk.pdb' was not found with 'fltkd.lib(Fl_Preferences.obj)' or at 'C:\Users\HODJ1_14\Downloads\14008120_COMP3304_FinalMilestone\14010713_COMP3304_FinalMilestone\ImageManipulator\Debug\fltk.pdb'; linking object as if no debug info
     1>fltkd.lib(fl_read_image.obj) : warning LNK4099: PDB 'fltk.pdb' was not found with 'fltkd.lib(fl_read_image.obj)' or at 'C:\Users\HODJ1_14\Downloads\14008120_COMP3304_FinalMilestone\14010713_COMP3304_FinalMilestone\ImageManipulator\Debug\fltk.pdb'; linking object as if no debug info
     1>fltkd.lib(fl_rect.obj) : warning LNK4099: PDB 'fltk.pdb' was not found with 'fltkd.lib(fl_rect.obj)' or at 'C:\Users\HODJ1_14\Downloads\14008120_COMP3304_FinalMilestone\14010713_COMP3304_FinalMilestone\ImageManipulator\Debug\fltk.pdb'; linking object as if no debug info
     1>fltkd.lib(Fl_Repeat_Button.obj) : warning LNK4099: PDB 'fltk.pdb' was not found with 'fltkd.lib(Fl_Repeat_Button.obj)' or at 'C:\Users\HODJ1_14\Downloads\14008120_COMP3304_FinalMilestone\14010713_COMP3304_FinalMilestone\ImageManipulator\Debug\fltk.pdb'; linking object as if no debug info
     1>fltkd.lib(Fl_Return_Button.obj) : warning LNK4099: PDB 'fltk.pdb' was not found with 'fltkd.lib(Fl_Return_Button.obj)' or at 'C:\Users\HODJ1_14\Downloads\14008120_COMP3304_FinalMilestone\14010713_COMP3304_FinalMilestone\ImageManipulator\Debug\fltk.pdb'; linking object as if no debug info
     1>fltkd.lib(fl_round_box.obj) : warning LNK4099: PDB 'fltk.pdb' was not found with 'fltkd.lib(fl_round_box.obj)' or at 'C:\Users\HODJ1_14\Downloads\14008120_COMP3304_FinalMilestone\14010713_COMP3304_FinalMilestone\ImageManipulator\Debug\fltk.pdb'; linking object as if no debug info
     1>fltkd.lib(Fl_Scrollbar.obj) : warning LNK4099: PDB 'fltk.pdb' was not found with 'fltkd.lib(Fl_Scrollbar.obj)' or at 'C:\Users\HODJ1_14\Downloads\14008120_COMP3304_FinalMilestone\14010713_COMP3304_FinalMilestone\ImageManipulator\Debug\fltk.pdb'; linking object as if no debug info
     1>fltkd.lib(Fl_Shared_Image.obj) : warning LNK4099: PDB 'fltk.pdb' was not found with 'fltkd.lib(Fl_Shared_Image.obj)' or at 'C:\Users\HODJ1_14\Downloads\14008120_COMP3304_FinalMilestone\14010713_COMP3304_FinalMilestone\ImageManipulator\Debug\fltk.pdb'; linking object as if no debug info
     1>fltkd.lib(fl_shortcut.obj) : warning LNK4099: PDB 'fltk.pdb' was not found with 'fltkd.lib(fl_shortcut.obj)' or at 'C:\Users\HODJ1_14\Downloads\14008120_COMP3304_FinalMilestone\14010713_COMP3304_FinalMilestone\ImageManipulator\Debug\fltk.pdb'; linking object as if no debug info
     1>fltkd.lib(Fl_Single_Window.obj) : warning LNK4099: PDB 'fltk.pdb' was not found with 'fltkd.lib(Fl_Single_Window.obj)' or at 'C:\Users\HODJ1_14\Downloads\14008120_COMP3304_FinalMilestone\14010713_COMP3304_FinalMilestone\ImageManipulator\Debug\fltk.pdb'; linking object as if no debug info
     1>fltkd.lib(Fl_Slider.obj) : warning LNK4099: PDB 'fltk.pdb' was not found with 'fltkd.lib(Fl_Slider.obj)' or at 'C:\Users\HODJ1_14\Downloads\14008120_COMP3304_FinalMilestone\14010713_COMP3304_FinalMilestone\ImageManipulator\Debug\fltk.pdb'; linking object as if no debug info
     1>fltkd.lib(fl_symbols.obj) : warning LNK4099: PDB 'fltk.pdb' was not found with 'fltkd.lib(fl_symbols.obj)' or at 'C:\Users\HODJ1_14\Downloads\14008120_COMP3304_FinalMilestone\14010713_COMP3304_FinalMilestone\ImageManipulator\Debug\fltk.pdb'; linking object as if no debug info
     1>fltkd.lib(Fl_Tile.obj) : warning LNK4099: PDB 'fltk.pdb' was not found with 'fltkd.lib(Fl_Tile.obj)' or at 'C:\Users\HODJ1_14\Downloads\14008120_COMP3304_FinalMilestone\14010713_COMP3304_FinalMilestone\ImageManipulator\Debug\fltk.pdb'; linking object as if no debug info
     1>fltkd.lib(Fl_Tiled_Image.obj) : warning LNK4099: PDB 'fltk.pdb' was not found with 'fltkd.lib(Fl_Tiled_Image.obj)' or at 'C:\Users\HODJ1_14\Downloads\14008120_COMP3304_FinalMilestone\14010713_COMP3304_FinalMilestone\ImageManipulator\Debug\fltk.pdb'; linking object as if no debug info
     1>fltkd.lib(Fl_Tooltip.obj) : warning LNK4099: PDB 'fltk.pdb' was not found with 'fltkd.lib(Fl_Tooltip.obj)' or at 'C:\Users\HODJ1_14\Downloads\14008120_COMP3304_FinalMilestone\14010713_COMP3304_FinalMilestone\ImageManipulator\Debug\fltk.pdb'; linking object as if no debug info
     1>fltkd.lib(fl_utf.obj) : warning LNK4099: PDB 'fltk.pdb' was not found with 'fltkd.lib(fl_utf.obj)' or at 'C:\Users\HODJ1_14\Downloads\14008120_COMP3304_FinalMilestone\14010713_COMP3304_FinalMilestone\ImageManipulator\Debug\fltk.pdb'; linking object as if no debug info
     1>fltkd.lib(fl_utf8.obj) : warning LNK4099: PDB 'fltk.pdb' was not found with 'fltkd.lib(fl_utf8.obj)' or at 'C:\Users\HODJ1_14\Downloads\14008120_COMP3304_FinalMilestone\14010713_COMP3304_FinalMilestone\ImageManipulator\Debug\fltk.pdb'; linking object as if no debug info
     1>fltkd.lib(Fl_Valuator.obj) : warning LNK4099: PDB 'fltk.pdb' was not found with 'fltkd.lib(Fl_Valuator.obj)' or at 'C:\Users\HODJ1_14\Downloads\14008120_COMP3304_FinalMilestone\14010713_COMP3304_FinalMilestone\ImageManipulator\Debug\fltk.pdb'; linking object as if no debug info
     1>fltkd.lib(Fl_Value_Input.obj) : warning LNK4099: PDB 'fltk.pdb' was not found with 'fltkd.lib(Fl_Value_Input.obj)' or at 'C:\Users\HODJ1_14\Downloads\14008120_COMP3304_FinalMilestone\14010713_COMP3304_FinalMilestone\ImageManipulator\Debug\fltk.pdb'; linking object as if no debug info
     1>fltkd.lib(fl_vertex.obj) : warning LNK4099: PDB 'fltk.pdb' was not found with 'fltkd.lib(fl_vertex.obj)' or at 'C:\Users\HODJ1_14\Downloads\14008120_COMP3304_FinalMilestone\14010713_COMP3304_FinalMilestone\ImageManipulator\Debug\fltk.pdb'; linking object as if no debug info
     1>fltkd.lib(Fl_Widget.obj) : warning LNK4099: PDB 'fltk.pdb' was not found with 'fltkd.lib(Fl_Widget.obj)' or at 'C:\Users\HODJ1_14\Downloads\14008120_COMP3304_FinalMilestone\14010713_COMP3304_FinalMilestone\ImageManipulator\Debug\fltk.pdb'; linking object as if no debug info
     1>fltkd.lib(Fl_Window.obj) : warning LNK4099: PDB 'fltk.pdb' was not found with 'fltkd.lib(Fl_Window.obj)' or at 'C:\Users\HODJ1_14\Downloads\14008120_COMP3304_FinalMilestone\14010713_COMP3304_FinalMilestone\ImageManipulator\Debug\fltk.pdb'; linking object as if no debug info
     1>fltkd.lib(Fl_Window_fullscreen.obj) : warning LNK4099: PDB 'fltk.pdb' was not found with 'fltkd.lib(Fl_Window_fullscreen.obj)' or at 'C:\Users\HODJ1_14\Downloads\14008120_COMP3304_FinalMilestone\14010713_COMP3304_FinalMilestone\ImageManipulator\Debug\fltk.pdb'; linking object as if no debug info
     1>fltkd.lib(Fl_Window_hotspot.obj) : warning LNK4099: PDB 'fltk.pdb' was not found with 'fltkd.lib(Fl_Window_hotspot.obj)' or at 'C:\Users\HODJ1_14\Downloads\14008120_COMP3304_FinalMilestone\14010713_COMP3304_FinalMilestone\ImageManipulator\Debug\fltk.pdb'; linking object as if no debug info
     1>fltkd.lib(Fl_Window_shape.obj) : warning LNK4099: PDB 'fltk.pdb' was not found with 'fltkd.lib(Fl_Window_shape.obj)' or at 'C:\Users\HODJ1_14\Downloads\14008120_COMP3304_FinalMilestone\14010713_COMP3304_FinalMilestone\ImageManipulator\Debug\fltk.pdb'; linking object as if no debug info
     1>fltkd.lib(Fl_XBM_Image.obj) : warning LNK4099: PDB 'fltk.pdb' was not found with 'fltkd.lib(Fl_XBM_Image.obj)' or at 'C:\Users\HODJ1_14\Downloads\14008120_COMP3304_FinalMilestone\14010713_COMP3304_FinalMilestone\ImageManipulator\Debug\fltk.pdb'; linking object as if no debug info
     1>fltkd.lib(Fl_XPM_Image.obj) : warning LNK4099: PDB 'fltk.pdb' was not found with 'fltkd.lib(Fl_XPM_Image.obj)' or at 'C:\Users\HODJ1_14\Downloads\14008120_COMP3304_FinalMilestone\14010713_COMP3304_FinalMilestone\ImageManipulator\Debug\fltk.pdb'; linking object as if no debug info
     1>fltkd.lib(flstring.obj) : warning LNK4099: PDB 'fltk.pdb' was not found with 'fltkd.lib(flstring.obj)' or at 'C:\Users\HODJ1_14\Downloads\14008120_COMP3304_FinalMilestone\14010713_COMP3304_FinalMilestone\ImageManipulator\Debug\fltk.pdb'; linking object as if no debug info
     1>fltkd.lib(is_spacing.obj) : warning LNK4099: PDB 'fltk.pdb' was not found with 'fltkd.lib(is_spacing.obj)' or at 'C:\Users\HODJ1_14\Downloads\14008120_COMP3304_FinalMilestone\14010713_COMP3304_FinalMilestone\ImageManipulator\Debug\fltk.pdb'; linking object as if no debug info
     1>fltkd.lib(numericsort.obj) : warning LNK4099: PDB 'fltk.pdb' was not found with 'fltkd.lib(numericsort.obj)' or at 'C:\Users\HODJ1_14\Downloads\14008120_COMP3304_FinalMilestone\14010713_COMP3304_FinalMilestone\ImageManipulator\Debug\fltk.pdb'; linking object as if no debug info
     1>fltkd.lib(scandir.obj) : warning LNK4099: PDB 'fltk.pdb' was not found with 'fltkd.lib(scandir.obj)' or at 'C:\Users\HODJ1_14\Downloads\14008120_COMP3304_FinalMilestone\14010713_COMP3304_FinalMilestone\ImageManipulator\Debug\fltk.pdb'; linking object as if no debug info
     1>fltkd.lib(screen_xywh.obj) : warning LNK4099: PDB 'fltk.pdb' was not found with 'fltkd.lib(screen_xywh.obj)' or at 'C:\Users\HODJ1_14\Downloads\14008120_COMP3304_FinalMilestone\14010713_COMP3304_FinalMilestone\ImageManipulator\Debug\fltk.pdb'; linking object as if no debug info
     1>fltkd.lib(vsnprintf.obj) : warning LNK4099: PDB 'fltk.pdb' was not found with 'fltkd.lib(vsnprintf.obj)' or at 'C:\Users\HODJ1_14\Downloads\14008120_COMP3304_FinalMilestone\14010713_COMP3304_FinalMilestone\ImageManipulator\Debug\fltk.pdb'; linking object as if no debug info
         ImageManipulator.vcxproj -> C:\Users\HODJ1_14\Downloads\14008120_COMP3304_FinalMilestone\14010713_COMP3304_FinalMilestone\ImageManipulator\Debug\ImageManipulator.exe
       PostBuildEvent:
         xcopy /d /y "C:\Users\HODJ1_14\Downloads\14008120_COMP3304_FinalMilestone\14010713_COMP3304_FinalMilestone\ImageManipulator\ImageManipulator\Libs\*.dll" "C:\Users\HODJ1_14\Downloads\14008120_COMP3304_FinalMilestone\14010713_COMP3304_FinalMilestone\ImageManipulator\Debug\"
         :VCEnd
         0 File(s) copied
     1>Done Building Project "C:\Users\HODJ1_14\Downloads\14008120_COMP3304_FinalMilestone\14010713_COMP3304_FinalMilestone\ImageManipulator\ImageManipulator\ImageManipulator.vcxproj" (Build target(s)).

Build succeeded.

Time Elapsed 00:00:04.95
