c:\users\grant\documents\visual studio 2015\projects\oo\mmgui\images\debug\images.pch
c:\users\grant\documents\visual studio 2015\projects\oo\mmgui\images\debug\images.pdb
c:\users\grant\documents\visual studio 2015\projects\oo\mmgui\images\debug\images.idb
c:\users\grant\documents\visual studio 2015\projects\oo\mmgui\images\debug\stdafx.xdc
c:\users\grant\documents\visual studio 2015\projects\oo\mmgui\images\debug\stdafx.obj
c:\users\grant\documents\visual studio 2015\projects\oo\mmgui\images\debug\mediamanager.xdc
c:\users\grant\documents\visual studio 2015\projects\oo\mmgui\images\debug\imagefactory.xdc
c:\users\grant\documents\visual studio 2015\projects\oo\mmgui\images\debug\imagefactory.obj
c:\users\grant\documents\visual studio 2015\projects\oo\mmgui\images\debug\mediamanager.obj
c:\users\grant\documents\visual studio 2015\projects\oo\mmgui\debug\images.lib
c:\users\grant\documents\visual studio 2015\projects\oo\mmgui\debug\.xml
c:\users\grant\documents\visual studio 2015\projects\oo\mmgui\debug\images.pdb
c:\users\grant\documents\visual studio 2015\projects\oo\mmgui\images\debug\images.tlog\cl.command.1.tlog
c:\users\grant\documents\visual studio 2015\projects\oo\mmgui\images\debug\images.tlog\cl.read.1.tlog
c:\users\grant\documents\visual studio 2015\projects\oo\mmgui\images\debug\images.tlog\cl.write.1.tlog
c:\users\grant\documents\visual studio 2015\projects\oo\mmgui\images\debug\images.tlog\lib-link.read.1.tlog
c:\users\grant\documents\visual studio 2015\projects\oo\mmgui\images\debug\images.tlog\lib-link.write.1.tlog
c:\users\grant\documents\visual studio 2015\projects\oo\mmgui\images\debug\images.tlog\lib.command.1.tlog
c:\users\grant\documents\visual studio 2015\projects\oo\mmgui\images\debug\images.tlog\xdcmake.command.1.tlog
c:\users\grant\documents\visual studio 2015\projects\oo\mmgui\images\debug\images.tlog\xdcmake.read.1.tlog
c:\users\grant\documents\visual studio 2015\projects\oo\mmgui\images\debug\images.tlog\xdcmake.write.1.tlog
